{
  "stats": {
    "suites": 1,
    "tests": 4,
    "passes": 3,
    "pending": 0,
    "failures": 1,
    "start": "2025-06-05T22:35:36.797Z",
    "end": "2025-06-05T22:36:25.365Z",
    "duration": 48568,
    "testsRegistered": 4,
    "passPercent": 75,
    "pendingPercent": 0,
    "other": 0,
    "hasOther": false,
    "skipped": 0,
    "hasSkipped": false
  },
  "results": [
    {
      "uuid": "e73abb06-6307-4117-9459-1e7616f0d198",
      "title": "",
      "fullFile": "cypress\\e2e\\produtos.cy.js",
      "file": "cypress\\e2e\\produtos.cy.js",
      "beforeHooks": [],
      "afterHooks": [],
      "tests": [],
      "suites": [
        {
          "uuid": "95544c03-45f3-43b6-ad24-d72e3896054f",
          "title": "[US-0001] Funcionalidade: Adicionar item ao carrinho (TCC)",
          "fullFile": "",
          "file": "",
          "beforeHooks": [],
          "afterHooks": [],
          "tests": [
            {
              "title": "CT_US0001_01: Deve adicionar produto 'Abominable Hoodie' S/Red com sucesso",
              "fullTitle": "[US-0001] Funcionalidade: Adicionar item ao carrinho (TCC) CT_US0001_01: Deve adicionar produto 'Abominable Hoodie' S/Red com sucesso",
              "timedOut": null,
              "duration": 13583,
              "state": "passed",
              "speed": "slow",
              "pass": true,
              "fail": false,
              "pending": false,
              "context": null,
              "code": "const nomeProduto = \"Abominable Hoodie\";\nconst tamanho = \"S\";\nconst cor = \"Red\";\nconst quantidade = 1;\n_ProdutosPage.default.buscarProduto(nomeProduto);\n_ProdutosPage.default.verificarTituloProduto(nomeProduto);\n_ProdutosPage.default.selecionarTamanho(tamanho);\n_ProdutosPage.default.selecionarCor(cor);\ncy.get(\".single_add_to_cart_button\", {\n  timeout: 10000\n}).should(\"be.visible\").and(\"not.have.class\", \"disabled\").and(\"not.have.class\", \"wc-variation-selection-needed\");\n_ProdutosPage.default.definirQuantidade(quantidade);\n_ProdutosPage.default.clicarBotaoComprar();\n_ProdutosPage.default.verificarMensagemSucessoAdicionar(nomeProduto);\n_ProdutosPage.default.clicarVerCarrinhoEVerificarProduto(nomeProduto, tamanho, cor);",
              "err": {},
              "uuid": "fcb86f60-a9d4-45c8-adb6-f258aaa4279c",
              "parentUUID": "95544c03-45f3-43b6-ad24-d72e3896054f",
              "isHook": false,
              "skipped": false
            },
            {
              "title": "CT_US0001_02: Deve exibir mensagem ao tentar adicionar 'Aero Daily Fitness Tee' sem selecionar variação",
              "fullTitle": "[US-0001] Funcionalidade: Adicionar item ao carrinho (TCC) CT_US0001_02: Deve exibir mensagem ao tentar adicionar 'Aero Daily Fitness Tee' sem selecionar variação",
              "timedOut": null,
              "duration": 3540,
              "state": "passed",
              "speed": "fast",
              "pass": true,
              "fail": false,
              "pending": false,
              "context": null,
              "code": "const nomeProduto = \"Aero Daily Fitness Tee\";\n_ProdutosPage.default.buscarProduto(nomeProduto);\n_ProdutosPage.default.verificarTituloProduto(nomeProduto);\n_ProdutosPage.default.clicarBotaoComprar();\n_ProdutosPage.default.verificarMensagemEscolhaOpcaoProduto();",
              "err": {},
              "uuid": "96bd5dda-9660-4a11-b304-a3fe925ce632",
              "parentUUID": "95544c03-45f3-43b6-ad24-d72e3896054f",
              "isHook": false,
              "skipped": false
            },
            {
              "title": "CT_US0001_03: Deve adicionar múltiplas unidades de 'Aether Gym Pant' ao carrinho",
              "fullTitle": "[US-0001] Funcionalidade: Adicionar item ao carrinho (TCC) CT_US0001_03: Deve adicionar múltiplas unidades de 'Aether Gym Pant' ao carrinho",
              "timedOut": null,
              "duration": 13353,
              "state": "passed",
              "speed": "slow",
              "pass": true,
              "fail": false,
              "pending": false,
              "context": null,
              "code": "const nomeProduto = \"Aether Gym Pant\";\nconst tamanho = \"32\";\nconst cor = \"Blue\";\nconst quantidade = 3;\n_ProdutosPage.default.buscarProduto(nomeProduto);\n_ProdutosPage.default.verificarTituloProduto(nomeProduto);\n_ProdutosPage.default.selecionarTamanho(tamanho);\n_ProdutosPage.default.selecionarCor(cor);\ncy.get(\".single_add_to_cart_button\", {\n  timeout: 10000\n}).should(\"be.visible\").and(\"not.have.class\", \"disabled\").and(\"not.have.class\", \"wc-variation-selection-needed\");\n_ProdutosPage.default.definirQuantidade(quantidade);\n_ProdutosPage.default.clicarBotaoComprar();\n_ProdutosPage.default.verificarMensagemSucessoAdicionar(nomeProduto);\n_ProdutosPage.default.visitarPaginaCarrinho();\n_ProdutosPage.default.verificarProdutoNoCarrinhoComVariaçoes(nomeProduto, tamanho, cor);\ncy.get(`.cart_item:contains(\"${nomeProduto}\") .quantity input[type=\"number\"]`).should(\"have.value\", quantidade.toString());",
              "err": {},
              "uuid": "3450d4da-9d83-4e53-b629-b2e7025db931",
              "parentUUID": "95544c03-45f3-43b6-ad24-d72e3896054f",
              "isHook": false,
              "skipped": false
            },
            {
              "title": "CT_US0001_04: Deve impedir adicionar 'Abominable Hoodie' fora de estoque (XS/Blue)",
              "fullTitle": "[US-0001] Funcionalidade: Adicionar item ao carrinho (TCC) CT_US0001_04: Deve impedir adicionar 'Abominable Hoodie' fora de estoque (XS/Blue)",
              "timedOut": null,
              "duration": 17855,
              "state": "failed",
              "speed": null,
              "pass": false,
              "fail": true,
              "pending": false,
              "context": null,
              "code": "const nomeProduto = \"Abominable Hoodie\";\nconst tamanhoForaDeEstoque = \"XS\";\nconst corForaDeEstoque = \"Blue\";\n_ProdutosPage.default.buscarProduto(nomeProduto);\n_ProdutosPage.default.verificarTituloProduto(nomeProduto);\n_ProdutosPage.default.selecionarTamanho(tamanhoForaDeEstoque);\n_ProdutosPage.default.selecionarCor(corForaDeEstoque);\n_ProdutosPage.default.verificarBotaoComprarEstaDesabilitado();\n_ProdutosPage.default.verificarStatusForaDeEstoque();",
              "err": {
                "message": "AssertionError: Timed out retrying after 7000ms: Expected to find element: `p.stock.out-of-stock`, but never found it.",
                "estack": "AssertionError: Timed out retrying after 7000ms: Expected to find element: `p.stock.out-of-stock`, but never found it.\n    at ProdutosPage.verificarStatusForaDeEstoque (webpack://ui/./cypress/support/pageObjects/ProdutosPage.js:99:13)\n    at Context.eval (webpack://ui/./cypress/e2e/produtos.cy.js:82:17)",
                "diff": null
              },
              "uuid": "27f927f7-f067-4832-b4a5-be2a7aeeef3c",
              "parentUUID": "95544c03-45f3-43b6-ad24-d72e3896054f",
              "isHook": false,
              "skipped": false
            }
          ],
          "suites": [],
          "passes": [
            "fcb86f60-a9d4-45c8-adb6-f258aaa4279c",
            "96bd5dda-9660-4a11-b304-a3fe925ce632",
            "3450d4da-9d83-4e53-b629-b2e7025db931"
          ],
          "failures": [
            "27f927f7-f067-4832-b4a5-be2a7aeeef3c"
          ],
          "pending": [],
          "skipped": [],
          "duration": 48331,
          "root": false,
          "rootEmpty": false,
          "_timeout": 2000
        }
      ],
      "passes": [],
      "failures": [],
      "pending": [],
      "skipped": [],
      "duration": 0,
      "root": true,
      "rootEmpty": true,
      "_timeout": 2000
    }
  ],
  "meta": {
    "mocha": {
      "version": "7.2.0"
    },
    "mochawesome": {
      "options": {
        "quiet": false,
        "reportFilename": "mochawesome",
        "saveHtml": false,
        "saveJson": true,
        "consoleReporter": "spec",
        "useInlineDiffs": false,
        "code": true
      },
      "version": "7.1.3"
    },
    "marge": {
      "options": {
        "reportDir": "cypress/reports/mochawesome",
        "overwrite": false,
        "html": false,
        "json": true
      },
      "version": "6.2.0"
    }
  }
}